<?xml version="1.0" encoding="UTF-8"?>
<!-- Generated by org.testng.reporters.JUnitReportReporter -->
<testsuite hostname="LP1-AP-51961818" failures="0" tests="3" name="com.CRM.TestCases.HomePageTestCase" time="0.382" errors="0" timestamp="2024-07-24T19:50:00 IST" skipped="0">
  <testcase classname="com.CRM.TestCases.HomePageTestCase" name="verifyUrl" time="0.012"/>
  <system-out/>
  <testcase classname="com.CRM.TestCases.HomePageTestCase" name="verifyTitle" time="0.007"/>
  <system-out/>
  <testcase classname="com.CRM.TestCases.HomePageTestCase" name="verifySignInLink" time="0.363"/>
  <system-out/>
</testsuite> <!-- com.CRM.TestCases.HomePageTestCase -->
