<?xml version="1.0" encoding="UTF-8"?>
<!-- Generated by org.testng.reporters.JUnitReportReporter -->
<testsuite hostname="LP1-AP-51961818" failures="0" tests="1" name="com.CRM.TestCases.LoginPageTestCase" time="0.669" errors="0" timestamp="2024-07-24T19:50:00 IST" skipped="0">
  <testcase classname="com.CRM.TestCases.LoginPageTestCase" name="verifyLogin" time="0.669"/>
  <system-out/>
</testsuite> <!-- com.CRM.TestCases.LoginPageTestCase -->
