<?xml version="1.0" encoding="UTF-8"?>
<!-- Generated by org.testng.reporters.JUnitReportReporter -->
<testsuite hostname="LP1-AP-51961818" failures="0" tests="4" name="com.Assignments.AmazonTestNGAssignment" time="13.483" errors="0" timestamp="2024-06-21T19:27:20 IST" skipped="0">
  <testcase classname="com.Assignments.AmazonTestNGAssignment" name="sell" time="3.082"/>
  <system-out/>
  <testcase classname="com.Assignments.AmazonTestNGAssignment" name="bestSellers" time="2.342"/>
  <system-out/>
  <testcase classname="com.Assignments.AmazonTestNGAssignment" name="mobiles" time="3.356"/>
  <system-out/>
  <testcase classname="com.Assignments.AmazonTestNGAssignment" name="electronics" time="4.703"/>
  <system-out/>
</testsuite> <!-- com.Assignments.AmazonTestNGAssignment -->
