<?xml version="1.0" encoding="UTF-8"?>
<!-- Generated by org.testng.reporters.JUnitReportReporter -->
<testsuite hostname="LP1-AP-51961818" failures="0" tests="4" name="com.Assignments.A09OrangeHRMLoginLogout" time="8.105" errors="0" timestamp="2024-06-20T19:27:20 IST" skipped="0">
  <testcase classname="com.Assignments.A09OrangeHRMLoginLogout" name="openMeesho" time="1.848"/>
  <system-out/>
  <testcase classname="com.Assignments.A09OrangeHRMLoginLogout" name="openMyntra" time="3.207"/>
  <system-out/>
  <testcase classname="com.Assignments.A09OrangeHRMLoginLogout" name="openFlipkart" time="2.199"/>
  <system-out/>
  <testcase classname="com.Assignments.A09OrangeHRMLoginLogout" name="openDecathlon" time="0.851"/>
  <system-out/>
</testsuite> <!-- com.Assignments.A09OrangeHRMLoginLogout -->
